# JRE version: OpenJDK Runtime Environment Temurin-21.0.10+7 (21.0.10+7) (build 21.0.10+7-LTS)
# Java VM: OpenJDK 64-Bit Server VM Temurin-21.0.10+7 (21.0.10+7-LTS, mixed mode, sharing, tiered, compressed oops, compressed class ptrs, parallel gc, windows-amd64)
GC Precious Log:
 CardTable entry size: 512
 CPUs: 24 total, 24 available
 Memory: 32491M
 Large Page Support: Disabled
 NUMA Support: Disabled
 Compressed Oops: Enabled (32-bit)
 Alignments: Space 512K, Generation 512K, Heap 2M
 Heap Min Capacity: 100M
 Heap Initial Capacity: 100M
 Heap Max Capacity: 2G
 Pre-touch: Disabled
 Parallel Workers: 18
Heap:
 PSYoungGen      total 20992K, used 5027K [0x00000000d5580000, 0x00000000d6f00000, 0x0000000100000000)
  eden space 18944K, 15% used [0x00000000d5580000,0x00000000d586c930,0x00000000d6800000)
  from space 2048K, 99% used [0x00000000d6800000,0x00000000d69fc2f0,0x00000000d6a00000)
  to   space 3584K, 0% used [0x00000000d6b80000,0x00000000d6b80000,0x00000000d6f00000)
 ParOldGen       total 68608K, used 46791K [0x0000000080000000, 0x0000000084300000, 0x00000000d5580000)
  object space 68608K, 68% used [0x0000000080000000,0x0000000082db1e20,0x0000000084300000)
 Metaspace       used 68226K, committed 69632K, reserved 1114112K
  class space    used 7297K, committed 7872K, reserved 1048576K
GC Heap History (20 events):
Event: 11.138 GC heap before
{Heap before GC invocations=33 (full 2):
 PSYoungGen      total 20992K, used 20809K [0x00000000d5580000, 0x00000000d6e00000, 0x0000000100000000)
  eden space 18944K, 100% used [0x00000000d5580000,0x00000000d6800000,0x00000000d6800000)
  from space 2048K, 91% used [0x00000000d6c00000,0x00000000d6dd27b8,0x00000000d6e00000)
  to   space 2560K, 0% used [0x00000000d6900000,0x00000000d6900000,0x00000000d6b80000)
 ParOldGen       total 68608K, used 43979K [0x0000000080000000, 0x0000000084300000, 0x00000000d5580000)
  object space 68608K, 64% used [0x0000000080000000,0x0000000082af2ee8,0x0000000084300000)
 Metaspace       used 56452K, committed 57664K, reserved 1114112K
  class space    used 6161K, committed 6656K, reserved 1048576K
}
Event: 11.139 GC heap after
{Heap after GC invocations=33 (full 2):
 PSYoungGen      total 19968K, used 1001K [0x00000000d5580000, 0x00000000d6c80000, 0x0000000100000000)
  eden space 18944K, 0% used [0x00000000d5580000,0x00000000d5580000,0x00000000d6800000)
  from space 1024K, 97% used [0x00000000d6900000,0x00000000d69fa6e8,0x00000000d6a00000)
  to   space 1536K, 0% used [0x00000000d6b00000,0x00000000d6b00000,0x00000000d6c80000)
 ParOldGen       total 68608K, used 44840K [0x0000000080000000, 0x0000000084300000, 0x00000000d5580000)
  object space 68608K, 65% used [0x0000000080000000,0x0000000082bca060,0x0000000084300000)
 Metaspace       used 56452K, committed 57664K, reserved 1114112K
  class space    used 6161K, committed 6656K, reserved 1048576K
}
Event: 11.360 GC heap before
{Heap before GC invocations=34 (full 2):
 PSYoungGen      total 19968K, used 19945K [0x00000000d5580000, 0x00000000d6c80000, 0x0000000100000000)
  eden space 18944K, 100% used [0x00000000d5580000,0x00000000d6800000,0x00000000d6800000)
  from space 1024K, 97% used [0x00000000d6900000,0x00000000d69fa6e8,0x00000000d6a00000)
  to   space 1536K, 0% used [0x00000000d6b00000,0x00000000d6b00000,0x00000000d6c80000)
 ParOldGen       total 68608K, used 44840K [0x0000000080000000, 0x0000000084300000, 0x00000000d5580000)
  object space 68608K, 65% used [0x0000000080000000,0x0000000082bca060,0x0000000084300000)
 Metaspace       used 58131K, committed 59328K, reserved 1114112K
  class space    used 6276K, committed 6784K, reserved 1048576K
}
Event: 11.361 GC heap after
{Heap after GC invocations=34 (full 2):
 PSYoungGen      total 19968K, used 640K [0x00000000d5580000, 0x00000000d6c00000, 0x0000000100000000)
  eden space 18944K, 0% used [0x00000000d5580000,0x00000000d5580000,0x00000000d6800000)
  from space 1024K, 62% used [0x00000000d6b00000,0x00000000d6ba0000,0x00000000d6c00000)
  to   space 1024K, 0% used [0x00000000d6900000,0x00000000d6900000,0x00000000d6a00000)
 ParOldGen       total 68608K, used 44880K [0x0000000080000000, 0x0000000084300000, 0x00000000d5580000)
  object space 68608K, 65% used [0x0000000080000000,0x0000000082bd4060,0x0000000084300000)
 Metaspace       used 58131K, committed 59328K, reserved 1114112K
  class space    used 6276K, committed 6784K, reserved 1048576K
}
Event: 11.474 GC heap before
{Heap before GC invocations=35 (full 2):
 PSYoungGen      total 19968K, used 4296K [0x00000000d5580000, 0x00000000d6c00000, 0x0000000100000000)
  eden space 18944K, 19% used [0x00000000d5580000,0x00000000d5912238,0x00000000d6800000)
  from space 1024K, 62% used [0x00000000d6b00000,0x00000000d6ba0000,0x00000000d6c00000)
  to   space 1024K, 0% used [0x00000000d6900000,0x00000000d6900000,0x00000000d6a00000)
 ParOldGen       total 68608K, used 44880K [0x0000000080000000, 0x0000000084300000, 0x00000000d5580000)
  object space 68608K, 65% used [0x0000000080000000,0x0000000082bd4060,0x0000000084300000)
 Metaspace       used 58558K, committed 59776K, reserved 1114112K
  class space    used 6313K, committed 6848K, reserved 1048576K
}
Event: 11.475 GC heap after
{Heap after GC invocations=35 (full 2):
 PSYoungGen      total 19968K, used 576K [0x00000000d5580000, 0x00000000d6b80000, 0x0000000100000000)
  eden space 18944K, 0% used [0x00000000d5580000,0x00000000d5580000,0x00000000d6800000)
  from space 1024K, 56% used [0x00000000d6900000,0x00000000d6990000,0x00000000d6a00000)
  to   space 1024K, 0% used [0x00000000d6a80000,0x00000000d6a80000,0x00000000d6b80000)
 ParOldGen       total 68608K, used 45104K [0x0000000080000000, 0x0000000084300000, 0x00000000d5580000)
  object space 68608K, 65% used [0x0000000080000000,0x0000000082c0c060,0x0000000084300000)
 Metaspace       used 58558K, committed 59776K, reserved 1114112K
  class space    used 6313K, committed 6848K, reserved 1048576K
}
Event: 11.475 GC heap before
{Heap before GC invocations=36 (full 3):
 PSYoungGen      total 19968K, used 576K [0x00000000d5580000, 0x00000000d6b80000, 0x0000000100000000)
  eden space 18944K, 0% used [0x00000000d5580000,0x00000000d5580000,0x00000000d6800000)
  from space 1024K, 56% used [0x00000000d6900000,0x00000000d6990000,0x00000000d6a00000)
  to   space 1024K, 0% used [0x00000000d6a80000,0x00000000d6a80000,0x00000000d6b80000)
 ParOldGen       total 68608K, used 45104K [0x0000000080000000, 0x0000000084300000, 0x00000000d5580000)
  object space 68608K, 65% used [0x0000000080000000,0x0000000082c0c060,0x0000000084300000)
 Metaspace       used 58558K, committed 59776K, reserved 1114112K
  class space    used 6313K, committed 6848K, reserved 1048576K
}
Event: 11.535 GC heap after
{Heap after GC invocations=36 (full 3):
 PSYoungGen      total 19968K, used 0K [0x00000000d5580000, 0x00000000d6b80000, 0x0000000100000000)
  eden space 18944K, 0% used [0x00000000d5580000,0x00000000d5580000,0x00000000d6800000)
  from space 1024K, 0% used [0x00000000d6900000,0x00000000d6900000,0x00000000d6a00000)
  to   space 1024K, 0% used [0x00000000d6a80000,0x00000000d6a80000,0x00000000d6b80000)
 ParOldGen       total 68608K, used 41323K [0x0000000080000000, 0x0000000084300000, 0x00000000d5580000)
  object space 68608K, 60% used [0x0000000080000000,0x000000008285ae08,0x0000000084300000)
 Metaspace       used 58558K, committed 59776K, reserved 1114112K
  class space    used 6313K, committed 6848K, reserved 1048576K
}
Event: 11.963 GC heap before
{Heap before GC invocations=37 (full 3):
 PSYoungGen      total 19968K, used 18944K [0x00000000d5580000, 0x00000000d6b80000, 0x0000000100000000)
  eden space 18944K, 100% used [0x00000000d5580000,0x00000000d6800000,0x00000000d6800000)
  from space 1024K, 0% used [0x00000000d6900000,0x00000000d6900000,0x00000000d6a00000)
  to   space 1024K, 0% used [0x00000000d6a80000,0x00000000d6a80000,0x00000000d6b80000)
 ParOldGen       total 68608K, used 41323K [0x0000000080000000, 0x0000000084300000, 0x00000000d5580000)
  object space 68608K, 60% used [0x0000000080000000,0x000000008285ae08,0x0000000084300000)
 Metaspace       used 60417K, committed 61632K, reserved 1114112K
  class space    used 6526K, committed 7040K, reserved 1048576K
}
Event: 11.964 GC heap after
{Heap after GC invocations=37 (full 3):
 PSYoungGen      total 19968K, used 888K [0x00000000d5580000, 0x00000000d6b80000, 0x0000000100000000)
  eden space 18944K, 0% used [0x00000000d5580000,0x00000000d5580000,0x00000000d6800000)
  from space 1024K, 86% used [0x00000000d6a80000,0x00000000d6b5e1d8,0x00000000d6b80000)
  to   space 1024K, 0% used [0x00000000d6900000,0x00000000d6900000,0x00000000d6a00000)
 ParOldGen       total 68608K, used 41331K [0x0000000080000000, 0x0000000084300000, 0x00000000d5580000)
  object space 68608K, 60% used [0x0000000080000000,0x000000008285ce08,0x0000000084300000)
 Metaspace       used 60417K, committed 61632K, reserved 1114112K
  class space    used 6526K, committed 7040K, reserved 1048576K
}
Event: 12.257 GC heap before
{Heap before GC invocations=38 (full 3):
 PSYoungGen      total 19968K, used 19832K [0x00000000d5580000, 0x00000000d6b80000, 0x0000000100000000)
  eden space 18944K, 100% used [0x00000000d5580000,0x00000000d6800000,0x00000000d6800000)
  from space 1024K, 86% used [0x00000000d6a80000,0x00000000d6b5e1d8,0x00000000d6b80000)
  to   space 1024K, 0% used [0x00000000d6900000,0x00000000d6900000,0x00000000d6a00000)
 ParOldGen       total 68608K, used 41331K [0x0000000080000000, 0x0000000084300000, 0x00000000d5580000)
  object space 68608K, 60% used [0x0000000080000000,0x000000008285ce08,0x0000000084300000)
 Metaspace       used 62928K, committed 64256K, reserved 1114112K
  class space    used 6808K, committed 7360K, reserved 1048576K
}
Event: 12.259 GC heap after
{Heap after GC invocations=38 (full 3):
 PSYoungGen      total 19968K, used 992K [0x00000000d5580000, 0x00000000d6c00000, 0x0000000100000000)
  eden space 18944K, 0% used [0x00000000d5580000,0x00000000d5580000,0x00000000d6800000)
  from space 1024K, 96% used [0x00000000d6900000,0x00000000d69f83e8,0x00000000d6a00000)
  to   space 2048K, 0% used [0x00000000d6a00000,0x00000000d6a00000,0x00000000d6c00000)
 ParOldGen       total 68608K, used 42064K [0x0000000080000000, 0x0000000084300000, 0x00000000d5580000)
  object space 68608K, 61% used [0x0000000080000000,0x00000000829141b8,0x0000000084300000)
 Metaspace       used 62928K, committed 64256K, reserved 1114112K
  class space    used 6808K, committed 7360K, reserved 1048576K
}
Event: 12.739 GC heap before
{Heap before GC invocations=39 (full 3):
 PSYoungGen      total 19968K, used 19936K [0x00000000d5580000, 0x00000000d6c00000, 0x0000000100000000)
  eden space 18944K, 100% used [0x00000000d5580000,0x00000000d6800000,0x00000000d6800000)
  from space 1024K, 96% used [0x00000000d6900000,0x00000000d69f83e8,0x00000000d6a00000)
  to   space 2048K, 0% used [0x00000000d6a00000,0x00000000d6a00000,0x00000000d6c00000)
 ParOldGen       total 68608K, used 42064K [0x0000000080000000, 0x0000000084300000, 0x00000000d5580000)
  object space 68608K, 61% used [0x0000000080000000,0x00000000829141b8,0x0000000084300000)
 Metaspace       used 64530K, committed 65984K, reserved 1114112K
  class space    used 6959K, committed 7552K, reserved 1048576K
}
Event: 12.741 GC heap after
{Heap after GC invocations=39 (full 3):
 PSYoungGen      total 20992K, used 1576K [0x00000000d5580000, 0x00000000d6c00000, 0x0000000100000000)
  eden space 18944K, 0% used [0x00000000d5580000,0x00000000d5580000,0x00000000d6800000)
  from space 2048K, 76% used [0x00000000d6a00000,0x00000000d6b8a1d0,0x00000000d6c00000)
  to   space 2048K, 0% used [0x00000000d6800000,0x00000000d6800000,0x00000000d6a00000)
 ParOldGen       total 68608K, used 43038K [0x0000000080000000, 0x0000000084300000, 0x00000000d5580000)
  object space 68608K, 62% used [0x0000000080000000,0x0000000082a078a0,0x0000000084300000)
 Metaspace       used 64530K, committed 65984K, reserved 1114112K
  class space    used 6959K, committed 7552K, reserved 1048576K
}
Event: 13.377 GC heap before
{Heap before GC invocations=40 (full 3):
 PSYoungGen      total 20992K, used 20520K [0x00000000d5580000, 0x00000000d6c00000, 0x0000000100000000)
  eden space 18944K, 100% used [0x00000000d5580000,0x00000000d6800000,0x00000000d6800000)
  from space 2048K, 76% used [0x00000000d6a00000,0x00000000d6b8a1d0,0x00000000d6c00000)
  to   space 2048K, 0% used [0x00000000d6800000,0x00000000d6800000,0x00000000d6a00000)
 ParOldGen       total 68608K, used 43038K [0x0000000080000000, 0x0000000084300000, 0x00000000d5580000)
  object space 68608K, 62% used [0x0000000080000000,0x0000000082a078a0,0x0000000084300000)
 Metaspace       used 65458K, committed 66880K, reserved 1114112K
  class space    used 7052K, committed 7616K, reserved 1048576K
}
Event: 13.379 GC heap after
{Heap after GC invocations=40 (full 3):
 PSYoungGen      total 20992K, used 1863K [0x00000000d5580000, 0x00000000d6c00000, 0x0000000100000000)
  eden space 18944K, 0% used [0x00000000d5580000,0x00000000d5580000,0x00000000d6800000)
  from space 2048K, 91% used [0x00000000d6800000,0x00000000d69d1f10,0x00000000d6a00000)
  to   space 2048K, 0% used [0x00000000d6a00000,0x00000000d6a00000,0x00000000d6c00000)
 ParOldGen       total 68608K, used 44048K [0x0000000080000000, 0x0000000084300000, 0x00000000d5580000)
  object space 68608K, 64% used [0x0000000080000000,0x0000000082b04168,0x0000000084300000)
 Metaspace       used 65458K, committed 66880K, reserved 1114112K
  class space    used 7052K, committed 7616K, reserved 1048576K
}
Event: 31.335 GC heap before
{Heap before GC invocations=41 (full 3):
 PSYoungGen      total 20992K, used 20807K [0x00000000d5580000, 0x00000000d6c00000, 0x0000000100000000)
  eden space 18944K, 100% used [0x00000000d5580000,0x00000000d6800000,0x00000000d6800000)
  from space 2048K, 91% used [0x00000000d6800000,0x00000000d69d1f10,0x00000000d6a00000)
  to   space 2048K, 0% used [0x00000000d6a00000,0x00000000d6a00000,0x00000000d6c00000)
 ParOldGen       total 68608K, used 44048K [0x0000000080000000, 0x0000000084300000, 0x00000000d5580000)
  object space 68608K, 64% used [0x0000000080000000,0x0000000082b04168,0x0000000084300000)
 Metaspace       used 66916K, committed 68288K, reserved 1114112K
  class space    used 7180K, committed 7744K, reserved 1048576K
}
Event: 31.337 GC heap after
{Heap after GC invocations=41 (full 3):
 PSYoungGen      total 20992K, used 1368K [0x00000000d5580000, 0x00000000d6c00000, 0x0000000100000000)
  eden space 18944K, 0% used [0x00000000d5580000,0x00000000d5580000,0x00000000d6800000)
  from space 2048K, 66% used [0x00000000d6a00000,0x00000000d6b56088,0x00000000d6c00000)
  to   space 2048K, 0% used [0x00000000d6800000,0x00000000d6800000,0x00000000d6a00000)
 ParOldGen       total 68608K, used 45598K [0x0000000080000000, 0x0000000084300000, 0x00000000d5580000)
  object space 68608K, 66% used [0x0000000080000000,0x0000000082c87928,0x0000000084300000)
 Metaspace       used 66916K, committed 68288K, reserved 1114112K
  class space    used 7180K, committed 7744K, reserved 1048576K
}
Event: 78088.931 GC heap before
{Heap before GC invocations=42 (full 3):
 PSYoungGen      total 20992K, used 20312K [0x00000000d5580000, 0x00000000d6c00000, 0x0000000100000000)
  eden space 18944K, 100% used [0x00000000d5580000,0x00000000d6800000,0x00000000d6800000)
  from space 2048K, 66% used [0x00000000d6a00000,0x00000000d6b56088,0x00000000d6c00000)
  to   space 2048K, 0% used [0x00000000d6800000,0x00000000d6800000,0x00000000d6a00000)
 ParOldGen       total 68608K, used 45598K [0x0000000080000000, 0x0000000084300000, 0x00000000d5580000)
  object space 68608K, 66% used [0x0000000080000000,0x0000000082c87928,0x0000000084300000)
 Metaspace       used 68086K, committed 69504K, reserved 1114112K
  class space    used 7292K, committed 7872K, reserved 1048576K
}
Event: 78088.944 GC heap after
{Heap after GC invocations=42 (full 3):
 PSYoungGen      total 20992K, used 2032K [0x00000000d5580000, 0x00000000d6f00000, 0x0000000100000000)
  eden space 18944K, 0% used [0x00000000d5580000,0x00000000d5580000,0x00000000d6800000)
  from space 2048K, 99% used [0x00000000d6800000,0x00000000d69fc2f0,0x00000000d6a00000)
  to   space 3584K, 0% used [0x00000000d6b80000,0x00000000d6b80000,0x00000000d6f00000)
 ParOldGen       total 68608K, used 46791K [0x0000000080000000, 0x0000000084300000, 0x00000000d5580000)
  object space 68608K, 68% used [0x0000000080000000,0x0000000082db1e20,0x0000000084300000)
 Metaspace       used 68086K, committed 69504K, reserved 1114112K
  class space    used 7292K, committed 7872K, reserved 1048576K
}

